Using pre-set license
Built from '2020.3/staging' branch; Version is '2020.3.8f1 (507919d4fff5) revision 5273881'; Using compiler version '192528614'; Build Type 'Release'
OS: 'Windows 10 Home; OS build 19042.1165; Version 2009; 64bit' Language: 'en' Physical Memory: 32702 MB
BatchMode: 1, IsHumanControllingUs: 0, StartBugReporterOnCrash: 0, Is64bit: 1, IsPro: 0

 COMMAND LINE ARGUMENTS:
C:\Program Files\Unity\Hub\Editor\2020.3.8f1\Editor\Unity.exe
-adb2
-batchMode
-noUpm
-name
AssetImportWorker0
-projectPath
D:/GitHub/GMTKGameJam2019
-logFile
Logs/AssetImportWorker0.log
-srvPort
50376
Successfully changed project path to: D:/GitHub/GMTKGameJam2019
D:/GitHub/GMTKGameJam2019
Using Asset Import Pipeline V2.
Refreshing native plugins compatible for Editor in 41.26 ms, found 0 plugins.
Preloading 0 native plugins for Editor in 0.00 ms.
Initialize engine version: 2020.3.8f1 (507919d4fff5)
[Subsystems] Discovering subsystems at path C:/Program Files/Unity/Hub/Editor/2020.3.8f1/Editor/Data/Resources/UnitySubsystems
[Subsystems] Discovering subsystems at path D:/GitHub/GMTKGameJam2019/Assets
GfxDevice: creating device client; threaded=0
Direct3D:
    Version:  Direct3D 11.0 [level 11.1]
    Renderer: NVIDIA GeForce RTX 2080 Ti (ID=0x1e07)
    Vendor:   
    VRAM:     11048 MB
    Driver:   27.21.14.6611
Shader 'FX/Aura Outline': fallback shader 'Toon/Basic' not found
Initialize mono
Mono path[0] = 'C:/Program Files/Unity/Hub/Editor/2020.3.8f1/Editor/Data/Managed'
Mono path[1] = 'C:/Program Files/Unity/Hub/Editor/2020.3.8f1/Editor/Data/MonoBleedingEdge/lib/mono/unityjit'
Mono config path = 'C:/Program Files/Unity/Hub/Editor/2020.3.8f1/Editor/Data/MonoBleedingEdge/etc'
Using monoOptions --debugger-agent=transport=dt_socket,embedding=1,server=y,suspend=n,address=127.0.0.1:56524
Begin MonoManager ReloadAssembly
Registering precompiled unity dll's ...
Register platform support module: C:/Program Files/Unity/Hub/Editor/2020.3.8f1/Editor/Data/PlaybackEngines/WindowsStandaloneSupport/UnityEditor.WindowsStandalone.Extensions.dll
Registered in 0.001338 seconds.
Native extension for WindowsStandalone target not found
Refreshing native plugins compatible for Editor in 34.65 ms, found 0 plugins.
Preloading 0 native plugins for Editor in 0.00 ms.
Mono: successfully reloaded assembly
- Completed reload, in  0.696 seconds
Platform modules already initialized, skipping
Registering precompiled user dll's ...
Registered in 0.001322 seconds.
Begin MonoManager ReloadAssembly
Native extension for WindowsStandalone target not found
Refreshing native plugins compatible for Editor in 35.19 ms, found 0 plugins.
Preloading 0 native plugins for Editor in 0.00 ms.
Mono: successfully reloaded assembly
- Completed reload, in  0.753 seconds
Platform modules already initialized, skipping
========================================================================
Worker process is ready to serve import requests
Shader 'FX/Aura Outline': fallback shader 'Toon/Basic' not found
Launched and connected shader compiler UnityShaderCompiler.exe after 0.03 seconds
Refreshing native plugins compatible for Editor in 0.52 ms, found 0 plugins.
Preloading 0 native plugins for Editor in 0.00 ms.
Unloading 2128 Unused Serialized files (Serialized files now loaded: 0)
System memory in use before: 169.4 MB.
System memory in use after: 169.5 MB.

Unloading 51 unused Assets to reduce memory usage. Loaded Objects now: 2558.
Total: 3.954200 ms (FindLiveObjects: 0.148600 ms CreateObjectMapping: 0.054800 ms MarkObjects: 3.673100 ms  DeleteObjects: 0.077000 ms)

========================================================================
Received Import Request.
  path: Assets/Materials/Particles/ImpatienceAura.mat
  artifactKey: Guid(058ea7219ae72f7448a4f8b4eb3ae459) Importer(815301076,1909f56bfc062723c751e8b465ee728b)
Start importing Assets/Materials/Particles/ImpatienceAura.mat using Guid(058ea7219ae72f7448a4f8b4eb3ae459) Importer(815301076,1909f56bfc062723c751e8b465ee728b)  -> (artifact id: 'e49d46c505820832fdb8e84cd558e89f') in 0.091028 seconds
  Import took 0.093579 seconds .

========================================================================
Received Import Request.
  Time since last request: 283.174994 seconds.
  path: Assets/Scenes/Testing/SampleScene.unity
  artifactKey: Guid(9fc0d4010bbf28b4594072e72b8655ab) Importer(815301076,1909f56bfc062723c751e8b465ee728b)
Start importing Assets/Scenes/Testing/SampleScene.unity using Guid(9fc0d4010bbf28b4594072e72b8655ab) Importer(815301076,1909f56bfc062723c751e8b465ee728b)  -> (artifact id: 'cbce7ce34cf4f1477e09dfb83b052ba7') in 0.004952 seconds
  Import took 0.008101 seconds .

========================================================================
Received Import Request.
  Time since last request: 0.622478 seconds.
  path: Assets/Scenes/Testing/WeaponTesting.unity
  artifactKey: Guid(0ae8a5275dd94c54c8524a5f2973d6cb) Importer(815301076,1909f56bfc062723c751e8b465ee728b)
Start importing Assets/Scenes/Testing/WeaponTesting.unity using Guid(0ae8a5275dd94c54c8524a5f2973d6cb) Importer(815301076,1909f56bfc062723c751e8b465ee728b)  -> (artifact id: '1e364392bbcc9ab3324e7df2a334ee16') in 0.007605 seconds
  Import took 0.010318 seconds .

========================================================================
Received Import Request.
  Time since last request: 0.355936 seconds.
  path: Assets/Scenes/Testing/PhysicsTesting.unity
  artifactKey: Guid(e2103123596c831428eea628f074ee27) Importer(815301076,1909f56bfc062723c751e8b465ee728b)
Start importing Assets/Scenes/Testing/PhysicsTesting.unity using Guid(e2103123596c831428eea628f074ee27) Importer(815301076,1909f56bfc062723c751e8b465ee728b)  -> (artifact id: '52ee41213a112a9386ab38b8f1e6d785') in 0.004884 seconds
  Import took 0.007581 seconds .

========================================================================
Received Import Request.
  Time since last request: 13.300067 seconds.
  path: Assets/Scenes/Arenas/Desert Arrow.unity
  artifactKey: Guid(f5d74b8b1a340694aad4bfa4255c6625) Importer(815301076,1909f56bfc062723c751e8b465ee728b)
Start importing Assets/Scenes/Arenas/Desert Arrow.unity using Guid(f5d74b8b1a340694aad4bfa4255c6625) Importer(815301076,1909f56bfc062723c751e8b465ee728b)  -> (artifact id: '08b190f71f643ba10c1646cd5bfd242d') in 0.004822 seconds
  Import took 0.007592 seconds .

========================================================================
Received Prepare
Registering precompiled user dll's ...
Registered in 0.001284 seconds.
Begin MonoManager ReloadAssembly
Native extension for WindowsStandalone target not found
Refreshing native plugins compatible for Editor in 0.55 ms, found 0 plugins.
Preloading 0 native plugins for Editor in 0.00 ms.
Mono: successfully reloaded assembly
- Completed reload, in  0.699 seconds
Platform modules already initialized, skipping
Shader 'FX/Aura Outline': fallback shader 'Toon/Basic' not found
Refreshing native plugins compatible for Editor in 0.57 ms, found 0 plugins.
Preloading 0 native plugins for Editor in 0.00 ms.
Unloading 2085 Unused Serialized files (Serialized files now loaded: 0)
System memory in use before: 169.1 MB.
System memory in use after: 169.2 MB.

Unloading 42 unused Assets to reduce memory usage. Loaded Objects now: 2601.
Total: 4.168600 ms (FindLiveObjects: 0.196300 ms CreateObjectMapping: 0.073800 ms MarkObjects: 3.850700 ms  DeleteObjects: 0.046800 ms)

