Using pre-set license
Built from '2020.3/staging' branch; Version is '2020.3.8f1 (507919d4fff5) revision 5273881'; Using compiler version '192528614'; Build Type 'Release'
OS: 'Windows 10 Home; OS build 19042.1165; Version 2009; 64bit' Language: 'en' Physical Memory: 32702 MB
BatchMode: 1, IsHumanControllingUs: 0, StartBugReporterOnCrash: 0, Is64bit: 1, IsPro: 0

 COMMAND LINE ARGUMENTS:
C:\Program Files\Unity\Hub\Editor\2020.3.8f1\Editor\Unity.exe
-adb2
-batchMode
-noUpm
-name
AssetImportWorker0
-projectPath
D:/GitHub/GMTKGameJam2019
-logFile
Logs/AssetImportWorker0.log
-srvPort
50675
Successfully changed project path to: D:/GitHub/GMTKGameJam2019
D:/GitHub/GMTKGameJam2019
Using Asset Import Pipeline V2.
Refreshing native plugins compatible for Editor in 39.98 ms, found 0 plugins.
Preloading 0 native plugins for Editor in 0.00 ms.
Initialize engine version: 2020.3.8f1 (507919d4fff5)
[Subsystems] Discovering subsystems at path C:/Program Files/Unity/Hub/Editor/2020.3.8f1/Editor/Data/Resources/UnitySubsystems
[Subsystems] Discovering subsystems at path D:/GitHub/GMTKGameJam2019/Assets
GfxDevice: creating device client; threaded=0
Direct3D:
    Version:  Direct3D 11.0 [level 11.1]
    Renderer: NVIDIA GeForce RTX 2080 Ti (ID=0x1e07)
    Vendor:   
    VRAM:     11048 MB
    Driver:   27.21.14.6611
Shader 'FX/Aura Outline': fallback shader 'Toon/Basic' not found
Initialize mono
Mono path[0] = 'C:/Program Files/Unity/Hub/Editor/2020.3.8f1/Editor/Data/Managed'
Mono path[1] = 'C:/Program Files/Unity/Hub/Editor/2020.3.8f1/Editor/Data/MonoBleedingEdge/lib/mono/unityjit'
Mono config path = 'C:/Program Files/Unity/Hub/Editor/2020.3.8f1/Editor/Data/MonoBleedingEdge/etc'
Using monoOptions --debugger-agent=transport=dt_socket,embedding=1,server=y,suspend=n,address=127.0.0.1:56636
Begin MonoManager ReloadAssembly
Registering precompiled unity dll's ...
Register platform support module: C:/Program Files/Unity/Hub/Editor/2020.3.8f1/Editor/Data/PlaybackEngines/WindowsStandaloneSupport/UnityEditor.WindowsStandalone.Extensions.dll
Registered in 0.001351 seconds.
Native extension for WindowsStandalone target not found
Refreshing native plugins compatible for Editor in 34.57 ms, found 0 plugins.
Preloading 0 native plugins for Editor in 0.00 ms.
Mono: successfully reloaded assembly
- Completed reload, in  0.701 seconds
Platform modules already initialized, skipping
Registering precompiled user dll's ...
Registered in 0.001356 seconds.
Begin MonoManager ReloadAssembly
Native extension for WindowsStandalone target not found
Refreshing native plugins compatible for Editor in 35.32 ms, found 0 plugins.
Preloading 0 native plugins for Editor in 0.00 ms.
Mono: successfully reloaded assembly
- Completed reload, in  0.754 seconds
Platform modules already initialized, skipping
========================================================================
Worker process is ready to serve import requests
Shader 'FX/Aura Outline': fallback shader 'Toon/Basic' not found
Launched and connected shader compiler UnityShaderCompiler.exe after 0.03 seconds
Refreshing native plugins compatible for Editor in 0.53 ms, found 0 plugins.
Preloading 0 native plugins for Editor in 0.00 ms.
Unloading 2128 Unused Serialized files (Serialized files now loaded: 0)
System memory in use before: 169.4 MB.
System memory in use after: 169.5 MB.

Unloading 51 unused Assets to reduce memory usage. Loaded Objects now: 2558.
Total: 4.698500 ms (FindLiveObjects: 0.147200 ms CreateObjectMapping: 0.055900 ms MarkObjects: 4.383100 ms  DeleteObjects: 0.111800 ms)

========================================================================
Received Import Request.
  path: Assets/Scenes/Arenas/Desert Arrow.unity
  artifactKey: Guid(f5d74b8b1a340694aad4bfa4255c6625) Importer(815301076,1909f56bfc062723c751e8b465ee728b)
Start importing Assets/Scenes/Arenas/Desert Arrow.unity using Guid(f5d74b8b1a340694aad4bfa4255c6625) Importer(815301076,1909f56bfc062723c751e8b465ee728b)  -> (artifact id: 'b48c9a12fa0af02c3bbbf0bb5a8963b0') in 0.015227 seconds
  Import took 0.018191 seconds .

========================================================================
Received Import Request.
  Time since last request: 66.966869 seconds.
  path: Assets/Scripts/DivineStatues
  artifactKey: Guid(ca45f7701f74c6a45808cbd4467c3fc5) Importer(815301076,1909f56bfc062723c751e8b465ee728b)
Start importing Assets/Scripts/DivineStatues using Guid(ca45f7701f74c6a45808cbd4467c3fc5) Importer(815301076,1909f56bfc062723c751e8b465ee728b)  -> (artifact id: 'cb102e3b644b9cc0aecd76ebfb8657fa') in 0.005461 seconds
  Import took 0.008201 seconds .

========================================================================
Received Import Request.
  Time since last request: 10.952129 seconds.
  path: Assets/Scripts/DivineStatues/Gongwa.cs
  artifactKey: Guid(b05fca0927fa6ca40952e276d951eed1) Importer(815301076,1909f56bfc062723c751e8b465ee728b)
Start importing Assets/Scripts/DivineStatues/Gongwa.cs using Guid(b05fca0927fa6ca40952e276d951eed1) Importer(815301076,1909f56bfc062723c751e8b465ee728b)  -> (artifact id: 'ec44054c9a2274d4e24fc64f3c3affab') in 0.020526 seconds
  Import took 0.023132 seconds .

========================================================================
Received Prepare
Registering precompiled user dll's ...
Registered in 0.001347 seconds.
Begin MonoManager ReloadAssembly
Native extension for WindowsStandalone target not found
Refreshing native plugins compatible for Editor in 0.55 ms, found 0 plugins.
Preloading 0 native plugins for Editor in 0.00 ms.
Mono: successfully reloaded assembly
- Completed reload, in  0.678 seconds
Platform modules already initialized, skipping
Shader 'FX/Aura Outline': fallback shader 'Toon/Basic' not found
Refreshing native plugins compatible for Editor in 0.56 ms, found 0 plugins.
Preloading 0 native plugins for Editor in 0.00 ms.
Unloading 2086 Unused Serialized files (Serialized files now loaded: 0)
System memory in use before: 165.9 MB.
System memory in use after: 166.0 MB.

Unloading 41 unused Assets to reduce memory usage. Loaded Objects now: 2562.
Total: 3.779200 ms (FindLiveObjects: 0.144000 ms CreateObjectMapping: 0.053700 ms MarkObjects: 3.564500 ms  DeleteObjects: 0.016200 ms)

========================================================================
Received Import Request.
  Time since last request: 4.057896 seconds.
  path: Assets/Scripts/DivineStatues/SldqhThss.cs
  artifactKey: Guid(8d29c4140b8f9cf4bb03b2fc24f6dc78) Importer(815301076,1909f56bfc062723c751e8b465ee728b)
Start importing Assets/Scripts/DivineStatues/SldqhThss.cs using Guid(8d29c4140b8f9cf4bb03b2fc24f6dc78) Importer(815301076,1909f56bfc062723c751e8b465ee728b)  -> (artifact id: 'faa0fe4d1d67fb70b5d9bca000baa5b7') in 0.006589 seconds
  Import took 0.009172 seconds .

========================================================================
Received Import Request.
  Time since last request: 0.019741 seconds.
  path: Assets/Scripts/DivineStatues/SldqhThss.cs
  artifactKey: Guid(8d29c4140b8f9cf4bb03b2fc24f6dc78) Importer(815301076,1909f56bfc062723c751e8b465ee728b)
Start importing Assets/Scripts/DivineStatues/SldqhThss.cs using Guid(8d29c4140b8f9cf4bb03b2fc24f6dc78) Importer(815301076,1909f56bfc062723c751e8b465ee728b)  -> (artifact id: 'faa0fe4d1d67fb70b5d9bca000baa5b7') in 0.001278 seconds
  Import took 0.003884 seconds .

========================================================================
Received Import Request.
  Time since last request: 52.373567 seconds.
  path: Assets/Scripts/DivineStatues/Gongwa.cs
  artifactKey: Guid(b05fca0927fa6ca40952e276d951eed1) Importer(815301076,1909f56bfc062723c751e8b465ee728b)
Start importing Assets/Scripts/DivineStatues/Gongwa.cs using Guid(b05fca0927fa6ca40952e276d951eed1) Importer(815301076,1909f56bfc062723c751e8b465ee728b)  -> (artifact id: 'ed4b9ce8557e99c4c5e5be39b20ef5c0') in 0.002065 seconds
  Import took 0.004781 seconds .

========================================================================
Received Import Request.
  Time since last request: 0.907590 seconds.
  path: Assets/Scripts/DivineStatues/DivineStatue.cs
  artifactKey: Guid(4a510b765ff2c7a4b80ed026b56fb34a) Importer(815301076,1909f56bfc062723c751e8b465ee728b)
Start importing Assets/Scripts/DivineStatues/DivineStatue.cs using Guid(4a510b765ff2c7a4b80ed026b56fb34a) Importer(815301076,1909f56bfc062723c751e8b465ee728b)  -> (artifact id: 'f8d1a53b6893de1a3796655c15a29e0c') in 0.004253 seconds
  Import took 0.006825 seconds .

========================================================================
Received Import Request.
  Time since last request: 0.001714 seconds.
  path: Assets/Scripts/DivineStatues/DivineStatue.cs
  artifactKey: Guid(4a510b765ff2c7a4b80ed026b56fb34a) Importer(815301076,1909f56bfc062723c751e8b465ee728b)
Start importing Assets/Scripts/DivineStatues/DivineStatue.cs using Guid(4a510b765ff2c7a4b80ed026b56fb34a) Importer(815301076,1909f56bfc062723c751e8b465ee728b)  -> (artifact id: 'f8d1a53b6893de1a3796655c15a29e0c') in 0.001450 seconds
  Import took 0.003969 seconds .

========================================================================
Received Import Request.
  Time since last request: 0.673369 seconds.
  path: Assets/Scripts/DivineStatues/Agnithia.cs
  artifactKey: Guid(d024407d8ac0af8449fde451a69bc7a1) Importer(815301076,1909f56bfc062723c751e8b465ee728b)
Start importing Assets/Scripts/DivineStatues/Agnithia.cs using Guid(d024407d8ac0af8449fde451a69bc7a1) Importer(815301076,1909f56bfc062723c751e8b465ee728b)  -> (artifact id: 'c2a88d2349ba6c9cf1758f6481cfda69') in 0.004286 seconds
  Import took 0.006938 seconds .

========================================================================
Received Import Request.
  Time since last request: 0.001282 seconds.
  path: Assets/Scripts/DivineStatues/Agnithia.cs
  artifactKey: Guid(d024407d8ac0af8449fde451a69bc7a1) Importer(815301076,1909f56bfc062723c751e8b465ee728b)
Start importing Assets/Scripts/DivineStatues/Agnithia.cs using Guid(d024407d8ac0af8449fde451a69bc7a1) Importer(815301076,1909f56bfc062723c751e8b465ee728b)  -> (artifact id: 'c2a88d2349ba6c9cf1758f6481cfda69') in 0.001208 seconds
  Import took 0.003649 seconds .

========================================================================
Received Prepare
Registering precompiled user dll's ...
Registered in 0.001378 seconds.
Begin MonoManager ReloadAssembly
Native extension for WindowsStandalone target not found
Refreshing native plugins compatible for Editor in 0.57 ms, found 0 plugins.
Preloading 0 native plugins for Editor in 0.00 ms.
Mono: successfully reloaded assembly
- Completed reload, in  0.690 seconds
Platform modules already initialized, skipping
Shader 'FX/Aura Outline': fallback shader 'Toon/Basic' not found
Refreshing native plugins compatible for Editor in 0.55 ms, found 0 plugins.
Preloading 0 native plugins for Editor in 0.00 ms.
Unloading 2086 Unused Serialized files (Serialized files now loaded: 0)
System memory in use before: 165.9 MB.
System memory in use after: 166.1 MB.

Unloading 41 unused Assets to reduce memory usage. Loaded Objects now: 2565.
Total: 4.011400 ms (FindLiveObjects: 0.151800 ms CreateObjectMapping: 0.061600 ms MarkObjects: 3.778500 ms  DeleteObjects: 0.018700 ms)

========================================================================
Received Import Request.
  Time since last request: 55.683187 seconds.
  path: Assets/Materials/Particles/Fire.mat
  artifactKey: Guid(6b192e46eee13e54cbc867a6f885b2b3) Importer(815301076,1909f56bfc062723c751e8b465ee728b)
Start importing Assets/Materials/Particles/Fire.mat using Guid(6b192e46eee13e54cbc867a6f885b2b3) Importer(815301076,1909f56bfc062723c751e8b465ee728b)  -> (artifact id: '38fd9524305d4f8fee01f4c7dfa98b21') in 0.081791 seconds
  Import took 0.084456 seconds .

========================================================================
Received Prepare
Registering precompiled user dll's ...
Registered in 0.001447 seconds.
Begin MonoManager ReloadAssembly
Native extension for WindowsStandalone target not found
Refreshing native plugins compatible for Editor in 0.55 ms, found 0 plugins.
Preloading 0 native plugins for Editor in 0.00 ms.
Mono: successfully reloaded assembly
- Completed reload, in  0.692 seconds
Platform modules already initialized, skipping
Shader 'FX/Aura Outline': fallback shader 'Toon/Basic' not found
Refreshing native plugins compatible for Editor in 0.55 ms, found 0 plugins.
Preloading 0 native plugins for Editor in 0.00 ms.
Unloading 2086 Unused Serialized files (Serialized files now loaded: 0)
System memory in use before: 169.1 MB.
System memory in use after: 169.2 MB.

Unloading 41 unused Assets to reduce memory usage. Loaded Objects now: 2608.
Total: 4.908600 ms (FindLiveObjects: 0.170700 ms CreateObjectMapping: 0.063100 ms MarkObjects: 4.649100 ms  DeleteObjects: 0.024400 ms)

========================================================================
Received Import Request.
  Time since last request: 81.827737 seconds.
  path: Assets/Scenes/Arenas/Desert Arrow.unity
  artifactKey: Guid(f5d74b8b1a340694aad4bfa4255c6625) Importer(815301076,1909f56bfc062723c751e8b465ee728b)
Start importing Assets/Scenes/Arenas/Desert Arrow.unity using Guid(f5d74b8b1a340694aad4bfa4255c6625) Importer(815301076,1909f56bfc062723c751e8b465ee728b)  -> (artifact id: '3ebe1e6f9b8814b82b3ff329debe946f') in 0.014672 seconds
  Import took 0.017246 seconds .

========================================================================
Received Prepare
Registering precompiled user dll's ...
Registered in 0.001664 seconds.
Begin MonoManager ReloadAssembly
Native extension for WindowsStandalone target not found
Refreshing native plugins compatible for Editor in 0.55 ms, found 0 plugins.
Preloading 0 native plugins for Editor in 0.00 ms.
Mono: successfully reloaded assembly
- Completed reload, in  0.678 seconds
Platform modules already initialized, skipping
Shader 'FX/Aura Outline': fallback shader 'Toon/Basic' not found
Refreshing native plugins compatible for Editor in 0.54 ms, found 0 plugins.
Preloading 0 native plugins for Editor in 0.00 ms.
Unloading 2086 Unused Serialized files (Serialized files now loaded: 0)
System memory in use before: 169.2 MB.
System memory in use after: 169.3 MB.

Unloading 41 unused Assets to reduce memory usage. Loaded Objects now: 2611.
Total: 4.095100 ms (FindLiveObjects: 0.149200 ms CreateObjectMapping: 0.056100 ms MarkObjects: 3.870200 ms  DeleteObjects: 0.018900 ms)

========================================================================
Received Import Request.
  Time since last request: 97.478435 seconds.
  path: Assets/Models/ArrowLevel
  artifactKey: Guid(1e9be3edd30a25a42a84ae6dbefd8f52) Importer(815301076,1909f56bfc062723c751e8b465ee728b)
Start importing Assets/Models/ArrowLevel using Guid(1e9be3edd30a25a42a84ae6dbefd8f52) Importer(815301076,1909f56bfc062723c751e8b465ee728b)  -> (artifact id: 'acf32bc958f9c1aa281036f0ecb63563') in 0.005862 seconds
  Import took 0.008289 seconds .

========================================================================
Received Import Request.
  Time since last request: 0.188223 seconds.
  path: Assets/Models/SLqthishsi
  artifactKey: Guid(47e66aedbc879974789ed231d041e892) Importer(815301076,1909f56bfc062723c751e8b465ee728b)
Start importing Assets/Models/SLqthishsi using Guid(47e66aedbc879974789ed231d041e892) Importer(815301076,1909f56bfc062723c751e8b465ee728b)  -> (artifact id: '148f7f7a69197ef8788ac690f1850f1b') in 0.003934 seconds
  Import took 0.006551 seconds .

========================================================================
Received Prepare
Registering precompiled user dll's ...
Registered in 0.001454 seconds.
Begin MonoManager ReloadAssembly
Native extension for WindowsStandalone target not found
Refreshing native plugins compatible for Editor in 0.56 ms, found 0 plugins.
Preloading 0 native plugins for Editor in 0.00 ms.
Mono: successfully reloaded assembly
- Completed reload, in  0.669 seconds
Platform modules already initialized, skipping
Shader 'FX/Aura Outline': fallback shader 'Toon/Basic' not found
Refreshing native plugins compatible for Editor in 0.55 ms, found 0 plugins.
Preloading 0 native plugins for Editor in 0.00 ms.
Unloading 2086 Unused Serialized files (Serialized files now loaded: 0)
System memory in use before: 169.2 MB.
System memory in use after: 169.3 MB.

Unloading 41 unused Assets to reduce memory usage. Loaded Objects now: 2614.
Total: 3.860200 ms (FindLiveObjects: 0.139700 ms CreateObjectMapping: 0.052100 ms MarkObjects: 3.652200 ms  DeleteObjects: 0.015600 ms)

========================================================================
Received Prepare
Registering precompiled user dll's ...
Registered in 0.001399 seconds.
Begin MonoManager ReloadAssembly
Native extension for WindowsStandalone target not found
Refreshing native plugins compatible for Editor in 0.56 ms, found 0 plugins.
Preloading 0 native plugins for Editor in 0.00 ms.
Mono: successfully reloaded assembly
- Completed reload, in  0.677 seconds
Platform modules already initialized, skipping
Shader 'FX/Aura Outline': fallback shader 'Toon/Basic' not found
Refreshing native plugins compatible for Editor in 0.55 ms, found 0 plugins.
Preloading 0 native plugins for Editor in 0.00 ms.
Unloading 2086 Unused Serialized files (Serialized files now loaded: 0)
System memory in use before: 169.2 MB.
System memory in use after: 169.3 MB.

Unloading 41 unused Assets to reduce memory usage. Loaded Objects now: 2617.
Total: 4.333400 ms (FindLiveObjects: 0.155900 ms CreateObjectMapping: 0.065100 ms MarkObjects: 4.077200 ms  DeleteObjects: 0.017600 ms)

========================================================================
Received Prepare
Registering precompiled user dll's ...
Registered in 0.001682 seconds.
Begin MonoManager ReloadAssembly
Native extension for WindowsStandalone target not found
Refreshing native plugins compatible for Editor in 0.55 ms, found 0 plugins.
Preloading 0 native plugins for Editor in 0.00 ms.
Mono: successfully reloaded assembly
- Completed reload, in  0.672 seconds
Platform modules already initialized, skipping
Shader 'FX/Aura Outline': fallback shader 'Toon/Basic' not found
Refreshing native plugins compatible for Editor in 0.55 ms, found 0 plugins.
Preloading 0 native plugins for Editor in 0.00 ms.
Unloading 2086 Unused Serialized files (Serialized files now loaded: 0)
System memory in use before: 169.2 MB.
System memory in use after: 169.3 MB.

Unloading 41 unused Assets to reduce memory usage. Loaded Objects now: 2620.
Total: 3.815800 ms (FindLiveObjects: 0.140000 ms CreateObjectMapping: 0.052000 ms MarkObjects: 3.606400 ms  DeleteObjects: 0.016900 ms)

========================================================================
Received Prepare
Registering precompiled user dll's ...
Registered in 0.001531 seconds.
Begin MonoManager ReloadAssembly
Native extension for WindowsStandalone target not found
Refreshing native plugins compatible for Editor in 0.55 ms, found 0 plugins.
Preloading 0 native plugins for Editor in 0.00 ms.
Mono: successfully reloaded assembly
- Completed reload, in  0.672 seconds
Platform modules already initialized, skipping
Shader 'FX/Aura Outline': fallback shader 'Toon/Basic' not found
Refreshing native plugins compatible for Editor in 0.55 ms, found 0 plugins.
Preloading 0 native plugins for Editor in 0.00 ms.
Unloading 2086 Unused Serialized files (Serialized files now loaded: 0)
System memory in use before: 169.2 MB.
System memory in use after: 169.3 MB.

Unloading 41 unused Assets to reduce memory usage. Loaded Objects now: 2623.
Total: 3.886900 ms (FindLiveObjects: 0.160100 ms CreateObjectMapping: 0.059100 ms MarkObjects: 3.648100 ms  DeleteObjects: 0.018700 ms)

========================================================================
Received Import Request.
  Time since last request: 457.348220 seconds.
  path: Assets/Scenes/Testing/WeaponTesting.unity
  artifactKey: Guid(0ae8a5275dd94c54c8524a5f2973d6cb) Importer(815301076,1909f56bfc062723c751e8b465ee728b)
Start importing Assets/Scenes/Testing/WeaponTesting.unity using Guid(0ae8a5275dd94c54c8524a5f2973d6cb) Importer(815301076,1909f56bfc062723c751e8b465ee728b)  -> (artifact id: '21ccbe5c93801c770a112ee4d173d926') in 0.046591 seconds
  Import took 0.049291 seconds .

========================================================================
Received Import Request.
  Time since last request: 20.186210 seconds.
  path: Assets/Scenes/Arenas/Desert Arrow.unity
  artifactKey: Guid(f5d74b8b1a340694aad4bfa4255c6625) Importer(815301076,1909f56bfc062723c751e8b465ee728b)
Start importing Assets/Scenes/Arenas/Desert Arrow.unity using Guid(f5d74b8b1a340694aad4bfa4255c6625) Importer(815301076,1909f56bfc062723c751e8b465ee728b)  -> (artifact id: '206a5f169755774f241fbd3726b73a82') in 0.001633 seconds
  Import took 0.004247 seconds .

========================================================================
Received Prepare
Registering precompiled user dll's ...
Registered in 0.001436 seconds.
Begin MonoManager ReloadAssembly
Native extension for WindowsStandalone target not found
Refreshing native plugins compatible for Editor in 0.56 ms, found 0 plugins.
Preloading 0 native plugins for Editor in 0.00 ms.
Mono: successfully reloaded assembly
- Completed reload, in  0.686 seconds
Platform modules already initialized, skipping
Shader 'FX/Aura Outline': fallback shader 'Toon/Basic' not found
Refreshing native plugins compatible for Editor in 0.54 ms, found 0 plugins.
Preloading 0 native plugins for Editor in 0.00 ms.
Unloading 2086 Unused Serialized files (Serialized files now loaded: 0)
System memory in use before: 169.2 MB.
System memory in use after: 169.3 MB.

Unloading 41 unused Assets to reduce memory usage. Loaded Objects now: 2626.
Total: 4.222800 ms (FindLiveObjects: 0.192700 ms CreateObjectMapping: 0.060700 ms MarkObjects: 3.947300 ms  DeleteObjects: 0.021300 ms)

========================================================================
Received Prepare
Registering precompiled user dll's ...
Registered in 0.001418 seconds.
Begin MonoManager ReloadAssembly
Native extension for WindowsStandalone target not found
Refreshing native plugins compatible for Editor in 0.55 ms, found 0 plugins.
Preloading 0 native plugins for Editor in 0.00 ms.
Mono: successfully reloaded assembly
- Completed reload, in  0.680 seconds
Platform modules already initialized, skipping
Shader 'FX/Aura Outline': fallback shader 'Toon/Basic' not found
Refreshing native plugins compatible for Editor in 0.55 ms, found 0 plugins.
Preloading 0 native plugins for Editor in 0.00 ms.
Unloading 2086 Unused Serialized files (Serialized files now loaded: 0)
System memory in use before: 169.2 MB.
System memory in use after: 169.3 MB.

Unloading 41 unused Assets to reduce memory usage. Loaded Objects now: 2629.
Total: 4.177100 ms (FindLiveObjects: 0.139800 ms CreateObjectMapping: 0.049500 ms MarkObjects: 3.969600 ms  DeleteObjects: 0.017500 ms)

========================================================================
Received Prepare
Registering precompiled user dll's ...
Registered in 0.001356 seconds.
Begin MonoManager ReloadAssembly
Native extension for WindowsStandalone target not found
Refreshing native plugins compatible for Editor in 0.55 ms, found 0 plugins.
Preloading 0 native plugins for Editor in 0.00 ms.
Mono: successfully reloaded assembly
- Completed reload, in  0.688 seconds
Platform modules already initialized, skipping
Shader 'FX/Aura Outline': fallback shader 'Toon/Basic' not found
Refreshing native plugins compatible for Editor in 0.56 ms, found 0 plugins.
Preloading 0 native plugins for Editor in 0.00 ms.
Unloading 2086 Unused Serialized files (Serialized files now loaded: 0)
System memory in use before: 169.2 MB.
System memory in use after: 169.3 MB.

Unloading 41 unused Assets to reduce memory usage. Loaded Objects now: 2632.
Total: 4.095500 ms (FindLiveObjects: 0.157000 ms CreateObjectMapping: 0.059900 ms MarkObjects: 3.858200 ms  DeleteObjects: 0.019700 ms)

========================================================================
Received Import Request.
  Time since last request: 542.527207 seconds.
  path: Assets/Scripts/Weapons/SacrificeDagger.cs
  artifactKey: Guid(d720f89dc38a95c4e9fc5290338e3d36) Importer(815301076,1909f56bfc062723c751e8b465ee728b)
Start importing Assets/Scripts/Weapons/SacrificeDagger.cs using Guid(d720f89dc38a95c4e9fc5290338e3d36) Importer(815301076,1909f56bfc062723c751e8b465ee728b)  -> (artifact id: '348a6edad52316e929b7ebd61043791b') in 0.006111 seconds
  Import took 0.008860 seconds .

========================================================================
Received Prepare
Registering precompiled user dll's ...
Registered in 0.001421 seconds.
Begin MonoManager ReloadAssembly
Native extension for WindowsStandalone target not found
Refreshing native plugins compatible for Editor in 0.57 ms, found 0 plugins.
Preloading 0 native plugins for Editor in 0.00 ms.
Mono: successfully reloaded assembly
- Completed reload, in  0.678 seconds
Platform modules already initialized, skipping
Shader 'FX/Aura Outline': fallback shader 'Toon/Basic' not found
Refreshing native plugins compatible for Editor in 0.54 ms, found 0 plugins.
Preloading 0 native plugins for Editor in 0.00 ms.
Unloading 2086 Unused Serialized files (Serialized files now loaded: 0)
System memory in use before: 169.2 MB.
System memory in use after: 169.4 MB.

Unloading 41 unused Assets to reduce memory usage. Loaded Objects now: 2635.
Total: 3.876800 ms (FindLiveObjects: 0.146000 ms CreateObjectMapping: 0.052400 ms MarkObjects: 3.659900 ms  DeleteObjects: 0.017600 ms)

========================================================================
Received Prepare
Registering precompiled user dll's ...
Registered in 0.001514 seconds.
Begin MonoManager ReloadAssembly
Native extension for WindowsStandalone target not found
Refreshing native plugins compatible for Editor in 0.55 ms, found 0 plugins.
Preloading 0 native plugins for Editor in 0.00 ms.
Mono: successfully reloaded assembly
- Completed reload, in  0.695 seconds
Platform modules already initialized, skipping
Shader 'FX/Aura Outline': fallback shader 'Toon/Basic' not found
Refreshing native plugins compatible for Editor in 0.55 ms, found 0 plugins.
Preloading 0 native plugins for Editor in 0.00 ms.
Unloading 2086 Unused Serialized files (Serialized files now loaded: 0)
System memory in use before: 169.2 MB.
System memory in use after: 169.4 MB.

Unloading 41 unused Assets to reduce memory usage. Loaded Objects now: 2638.
Total: 3.834500 ms (FindLiveObjects: 0.141900 ms CreateObjectMapping: 0.049800 ms MarkObjects: 3.625500 ms  DeleteObjects: 0.016500 ms)

========================================================================
Received Prepare
Registering precompiled user dll's ...
Registered in 0.001351 seconds.
Begin MonoManager ReloadAssembly
Native extension for WindowsStandalone target not found
Refreshing native plugins compatible for Editor in 0.56 ms, found 0 plugins.
Preloading 0 native plugins for Editor in 0.00 ms.
Mono: successfully reloaded assembly
- Completed reload, in  0.671 seconds
Platform modules already initialized, skipping
Shader 'FX/Aura Outline': fallback shader 'Toon/Basic' not found
Refreshing native plugins compatible for Editor in 0.55 ms, found 0 plugins.
Preloading 0 native plugins for Editor in 0.00 ms.
Unloading 2086 Unused Serialized files (Serialized files now loaded: 0)
System memory in use before: 169.3 MB.
System memory in use after: 169.4 MB.

Unloading 41 unused Assets to reduce memory usage. Loaded Objects now: 2641.
Total: 3.930200 ms (FindLiveObjects: 0.140900 ms CreateObjectMapping: 0.050600 ms MarkObjects: 3.721800 ms  DeleteObjects: 0.016200 ms)

========================================================================
Received Prepare
Registering precompiled user dll's ...
Registered in 0.001428 seconds.
Begin MonoManager ReloadAssembly
Native extension for WindowsStandalone target not found
Refreshing native plugins compatible for Editor in 0.55 ms, found 0 plugins.
Preloading 0 native plugins for Editor in 0.00 ms.
Mono: successfully reloaded assembly
- Completed reload, in  0.671 seconds
Platform modules already initialized, skipping
Shader 'FX/Aura Outline': fallback shader 'Toon/Basic' not found
Refreshing native plugins compatible for Editor in 0.56 ms, found 0 plugins.
Preloading 0 native plugins for Editor in 0.00 ms.
Unloading 2086 Unused Serialized files (Serialized files now loaded: 0)
System memory in use before: 169.3 MB.
System memory in use after: 169.4 MB.

Unloading 41 unused Assets to reduce memory usage. Loaded Objects now: 2644.
Total: 4.888000 ms (FindLiveObjects: 0.162100 ms CreateObjectMapping: 0.061000 ms MarkObjects: 4.609300 ms  DeleteObjects: 0.054700 ms)

========================================================================
Received Prepare
Registering precompiled user dll's ...
Registered in 0.001385 seconds.
Begin MonoManager ReloadAssembly
Native extension for WindowsStandalone target not found
Refreshing native plugins compatible for Editor in 0.56 ms, found 0 plugins.
Preloading 0 native plugins for Editor in 0.00 ms.
Mono: successfully reloaded assembly
- Completed reload, in  0.675 seconds
Platform modules already initialized, skipping
Shader 'FX/Aura Outline': fallback shader 'Toon/Basic' not found
Refreshing native plugins compatible for Editor in 0.55 ms, found 0 plugins.
Preloading 0 native plugins for Editor in 0.00 ms.
Unloading 2086 Unused Serialized files (Serialized files now loaded: 0)
System memory in use before: 169.3 MB.
System memory in use after: 169.4 MB.

Unloading 41 unused Assets to reduce memory usage. Loaded Objects now: 2647.
Total: 4.163200 ms (FindLiveObjects: 0.256800 ms CreateObjectMapping: 0.084300 ms MarkObjects: 3.797500 ms  DeleteObjects: 0.023600 ms)

========================================================================
Received Prepare
Registering precompiled user dll's ...
Registered in 0.001442 seconds.
Begin MonoManager ReloadAssembly
Native extension for WindowsStandalone target not found
Refreshing native plugins compatible for Editor in 0.55 ms, found 0 plugins.
Preloading 0 native plugins for Editor in 0.00 ms.
Mono: successfully reloaded assembly
- Completed reload, in  0.663 seconds
Platform modules already initialized, skipping
Shader 'FX/Aura Outline': fallback shader 'Toon/Basic' not found
Refreshing native plugins compatible for Editor in 0.55 ms, found 0 plugins.
Preloading 0 native plugins for Editor in 0.00 ms.
Unloading 2086 Unused Serialized files (Serialized files now loaded: 0)
System memory in use before: 169.3 MB.
System memory in use after: 169.4 MB.

Unloading 41 unused Assets to reduce memory usage. Loaded Objects now: 2650.
Total: 4.385300 ms (FindLiveObjects: 0.226700 ms CreateObjectMapping: 0.085200 ms MarkObjects: 4.053200 ms  DeleteObjects: 0.019400 ms)

========================================================================
Received Prepare
Registering precompiled user dll's ...
Registered in 0.001387 seconds.
Begin MonoManager ReloadAssembly
Native extension for WindowsStandalone target not found
Refreshing native plugins compatible for Editor in 0.55 ms, found 0 plugins.
Preloading 0 native plugins for Editor in 0.00 ms.
Mono: successfully reloaded assembly
- Completed reload, in  0.683 seconds
Platform modules already initialized, skipping
Shader 'FX/Aura Outline': fallback shader 'Toon/Basic' not found
Refreshing native plugins compatible for Editor in 0.58 ms, found 0 plugins.
Preloading 0 native plugins for Editor in 0.00 ms.
Unloading 2086 Unused Serialized files (Serialized files now loaded: 0)
System memory in use before: 169.3 MB.
System memory in use after: 169.4 MB.

Unloading 41 unused Assets to reduce memory usage. Loaded Objects now: 2653.
Total: 3.984200 ms (FindLiveObjects: 0.145600 ms CreateObjectMapping: 0.050700 ms MarkObjects: 3.762900 ms  DeleteObjects: 0.024400 ms)

========================================================================
Received Prepare
Registering precompiled user dll's ...
Registered in 0.001603 seconds.
Begin MonoManager ReloadAssembly
Native extension for WindowsStandalone target not found
Refreshing native plugins compatible for Editor in 0.58 ms, found 0 plugins.
Preloading 0 native plugins for Editor in 0.00 ms.
Mono: successfully reloaded assembly
- Completed reload, in  0.701 seconds
Platform modules already initialized, skipping
Shader 'FX/Aura Outline': fallback shader 'Toon/Basic' not found
Refreshing native plugins compatible for Editor in 0.59 ms, found 0 plugins.
Preloading 0 native plugins for Editor in 0.00 ms.
Unloading 2086 Unused Serialized files (Serialized files now loaded: 0)
System memory in use before: 169.3 MB.
System memory in use after: 169.4 MB.

Unloading 41 unused Assets to reduce memory usage. Loaded Objects now: 2656.
Total: 4.447700 ms (FindLiveObjects: 0.205100 ms CreateObjectMapping: 0.076200 ms MarkObjects: 4.138800 ms  DeleteObjects: 0.026500 ms)

========================================================================
Received Prepare
Registering precompiled user dll's ...
Registered in 0.001426 seconds.
Begin MonoManager ReloadAssembly
Native extension for WindowsStandalone target not found
Refreshing native plugins compatible for Editor in 0.56 ms, found 0 plugins.
Preloading 0 native plugins for Editor in 0.00 ms.
Mono: successfully reloaded assembly
- Completed reload, in  0.667 seconds
Platform modules already initialized, skipping
Shader 'FX/Aura Outline': fallback shader 'Toon/Basic' not found
Refreshing native plugins compatible for Editor in 0.56 ms, found 0 plugins.
Preloading 0 native plugins for Editor in 0.00 ms.
Unloading 2086 Unused Serialized files (Serialized files now loaded: 0)
System memory in use before: 169.3 MB.
System memory in use after: 169.4 MB.

Unloading 41 unused Assets to reduce memory usage. Loaded Objects now: 2659.
Total: 4.143400 ms (FindLiveObjects: 0.155400 ms CreateObjectMapping: 0.056100 ms MarkObjects: 3.913300 ms  DeleteObjects: 0.017900 ms)

========================================================================
Received Prepare
Registering precompiled user dll's ...
Registered in 0.001431 seconds.
Begin MonoManager ReloadAssembly
Native extension for WindowsStandalone target not found
Refreshing native plugins compatible for Editor in 0.56 ms, found 0 plugins.
Preloading 0 native plugins for Editor in 0.00 ms.
Mono: successfully reloaded assembly
- Completed reload, in  0.667 seconds
Platform modules already initialized, skipping
Shader 'FX/Aura Outline': fallback shader 'Toon/Basic' not found
Refreshing native plugins compatible for Editor in 0.55 ms, found 0 plugins.
Preloading 0 native plugins for Editor in 0.00 ms.
Unloading 2086 Unused Serialized files (Serialized files now loaded: 0)
System memory in use before: 169.3 MB.
System memory in use after: 169.4 MB.

Unloading 41 unused Assets to reduce memory usage. Loaded Objects now: 2662.
Total: 3.976100 ms (FindLiveObjects: 0.156500 ms CreateObjectMapping: 0.058700 ms MarkObjects: 3.722500 ms  DeleteObjects: 0.037500 ms)

========================================================================
Received Prepare
Registering precompiled user dll's ...
Registered in 0.001438 seconds.
Begin MonoManager ReloadAssembly
Native extension for WindowsStandalone target not found
Refreshing native plugins compatible for Editor in 0.57 ms, found 0 plugins.
Preloading 0 native plugins for Editor in 0.00 ms.
Mono: successfully reloaded assembly
- Completed reload, in  0.673 seconds
Platform modules already initialized, skipping
Shader 'FX/Aura Outline': fallback shader 'Toon/Basic' not found
Refreshing native plugins compatible for Editor in 0.56 ms, found 0 plugins.
Preloading 0 native plugins for Editor in 0.00 ms.
Unloading 2086 Unused Serialized files (Serialized files now loaded: 0)
System memory in use before: 169.3 MB.
System memory in use after: 169.4 MB.

Unloading 41 unused Assets to reduce memory usage. Loaded Objects now: 2665.
Total: 3.977200 ms (FindLiveObjects: 0.178500 ms CreateObjectMapping: 0.059800 ms MarkObjects: 3.720100 ms  DeleteObjects: 0.018100 ms)

========================================================================
Received Import Request.
  Time since last request: 8367.435611 seconds.
  path: Assets/Scenes/Menus/StageSelect.unity
  artifactKey: Guid(5a55d6b5a6f6b2e4cbc152784ef98b3c) Importer(815301076,1909f56bfc062723c751e8b465ee728b)
Start importing Assets/Scenes/Menus/StageSelect.unity using Guid(5a55d6b5a6f6b2e4cbc152784ef98b3c) Importer(815301076,1909f56bfc062723c751e8b465ee728b)  -> (artifact id: '2593266516ca9b1dfb18f41eb58364fb') in 0.123225 seconds
  Import took 0.125958 seconds .

========================================================================
Received Import Request.
  Time since last request: 2.285731 seconds.
  path: Assets/Scenes/Arenas/Slthdths Pit.unity
  artifactKey: Guid(87b21f77dcd97ef4aa7406e04e99eb15) Importer(815301076,1909f56bfc062723c751e8b465ee728b)
Start importing Assets/Scenes/Arenas/Slthdths Pit.unity using Guid(87b21f77dcd97ef4aa7406e04e99eb15) Importer(815301076,1909f56bfc062723c751e8b465ee728b)  -> (artifact id: '6266a5aededd48e3acbc26c1064bda06') in 0.004101 seconds
  Import took 0.006730 seconds .

========================================================================
Received Prepare
Registering precompiled user dll's ...
Registered in 0.001396 seconds.
Begin MonoManager ReloadAssembly
Native extension for WindowsStandalone target not found
Refreshing native plugins compatible for Editor in 0.57 ms, found 0 plugins.
Preloading 0 native plugins for Editor in 0.00 ms.
Mono: successfully reloaded assembly
- Completed reload, in  0.688 seconds
Platform modules already initialized, skipping
Shader 'FX/Aura Outline': fallback shader 'Toon/Basic' not found
Refreshing native plugins compatible for Editor in 0.55 ms, found 0 plugins.
Preloading 0 native plugins for Editor in 0.00 ms.
Unloading 2086 Unused Serialized files (Serialized files now loaded: 0)
System memory in use before: 169.3 MB.
System memory in use after: 169.4 MB.

Unloading 41 unused Assets to reduce memory usage. Loaded Objects now: 2668.
Total: 4.518700 ms (FindLiveObjects: 0.170500 ms CreateObjectMapping: 0.065400 ms MarkObjects: 4.259600 ms  DeleteObjects: 0.022000 ms)

========================================================================
Received Import Request.
  Time since last request: 130.613562 seconds.
  path: Assets/Scenes/Arenas/Desert Arrow.unity
  artifactKey: Guid(f5d74b8b1a340694aad4bfa4255c6625) Importer(815301076,1909f56bfc062723c751e8b465ee728b)
Start importing Assets/Scenes/Arenas/Desert Arrow.unity using Guid(f5d74b8b1a340694aad4bfa4255c6625) Importer(815301076,1909f56bfc062723c751e8b465ee728b)  -> (artifact id: 'bc810d5949b045a015bd37376c3b178e') in 0.015413 seconds
  Import took 0.018228 seconds .

========================================================================
Received Prepare
Registering precompiled user dll's ...
Registered in 0.001385 seconds.
Begin MonoManager ReloadAssembly
Native extension for WindowsStandalone target not found
Refreshing native plugins compatible for Editor in 0.55 ms, found 0 plugins.
Preloading 0 native plugins for Editor in 0.00 ms.
Mono: successfully reloaded assembly
- Completed reload, in  0.685 seconds
Platform modules already initialized, skipping
Shader 'FX/Aura Outline': fallback shader 'Toon/Basic' not found
Refreshing native plugins compatible for Editor in 0.55 ms, found 0 plugins.
Preloading 0 native plugins for Editor in 0.00 ms.
Unloading 2086 Unused Serialized files (Serialized files now loaded: 0)
System memory in use before: 169.3 MB.
System memory in use after: 169.4 MB.

Unloading 41 unused Assets to reduce memory usage. Loaded Objects now: 2671.
Total: 4.823700 ms (FindLiveObjects: 0.321000 ms CreateObjectMapping: 0.087000 ms MarkObjects: 4.381700 ms  DeleteObjects: 0.033200 ms)

